  [1m[35m (103.4ms)[0m  [1m[35mCREATE DATABASE "war_bot_development" ENCODING = 'unicode'[0m
  [1m[35m (104.0ms)[0m  [1m[35mCREATE DATABASE "war_bot_development" ENCODING = 'unicode'[0m
  [1m[35m (116.7ms)[0m  [1m[35mCREATE DATABASE "war_bot_development" ENCODING = 'unicode'[0m
  [1m[35m (61.1ms)[0m  [1m[35mCREATE DATABASE "war_bot_test" ENCODING = 'unicode'[0m
  [1m[35m (6.5ms)[0m  [1m[35mCREATE TABLE "schema_migrations" ("version" character varying NOT NULL PRIMARY KEY)[0m
  [1m[35m (2.8ms)[0m  [1m[35mCREATE TABLE "ar_internal_metadata" ("key" character varying NOT NULL PRIMARY KEY, "value" character varying, "created_at" timestamp(6) NOT NULL, "updated_at" timestamp(6) NOT NULL)[0m
  [1m[35m (0.1ms)[0m  [1m[34mSELECT pg_try_advisory_lock(6385467671328706905)[0m
  [1m[36mActiveRecord::SchemaMigration Load (0.3ms)[0m  [1m[34mSELECT "schema_migrations"."version" FROM "schema_migrations" ORDER BY "schema_migrations"."version" ASC[0m
  [1m[36mActiveRecord::InternalMetadata Load (0.4ms)[0m  [1m[34mSELECT * FROM "ar_internal_metadata" WHERE "ar_internal_metadata"."key" = $1 ORDER BY "ar_internal_metadata"."key" ASC LIMIT 1[0m  [[nil, "environment"]]
  [1m[36mActiveRecord::InternalMetadata Create (0.6ms)[0m  [1m[32mINSERT INTO "ar_internal_metadata" ("key", "value", "created_at", "updated_at") VALUES ('environment', 'development', '2025-07-12 18:21:21.064342', '2025-07-12 18:21:21.064344') RETURNING "key"[0m
Migrating to CreateTeams (20250712181139)
  [1m[36mTRANSACTION (0.1ms)[0m  [1m[35mBEGIN[0m
  [1m[35m (3.9ms)[0m  [1m[35mCREATE TABLE "teams" ("id" bigserial primary key, "name" character varying NOT NULL, "created_at" timestamp(6) NOT NULL, "updated_at" timestamp(6) NOT NULL)[0m
  [1m[36mActiveRecord::SchemaMigration Create (0.2ms)[0m  [1m[32mINSERT INTO "schema_migrations" ("version") VALUES ('20250712181139') RETURNING "version"[0m
  [1m[36mTRANSACTION (0.7ms)[0m  [1m[35mCOMMIT[0m
Migrating to CreateItems (20250712181330)
  [1m[36mTRANSACTION (0.1ms)[0m  [1m[35mBEGIN[0m
  [1m[35m (3.4ms)[0m  [1m[35mCREATE TABLE "items" ("id" bigserial primary key, "name" character varying, "completed_set_id" bigint NOT NULL, "drops_id" bigint NOT NULL, "created_at" timestamp(6) NOT NULL, "updated_at" timestamp(6) NOT NULL, CONSTRAINT "fk_rails_1c8a11738e"
FOREIGN KEY ("completed_set_id")
  REFERENCES "completed_sets" ("id")
, CONSTRAINT "fk_rails_97b19de45d"
FOREIGN KEY ("drops_id")
  REFERENCES "drops" ("id")
)[0m
  [1m[36mTRANSACTION (0.2ms)[0m  [1m[31mROLLBACK[0m
  [1m[35m (0.1ms)[0m  [1m[34mSELECT pg_advisory_unlock(6385467671328706905)[0m
  [1m[35m (0.1ms)[0m  [1m[34mSELECT pg_try_advisory_lock(6385467671328706905)[0m
  [1m[36mActiveRecord::SchemaMigration Load (0.3ms)[0m  [1m[34mSELECT "schema_migrations"."version" FROM "schema_migrations" ORDER BY "schema_migrations"."version" ASC[0m
  [1m[36mActiveRecord::InternalMetadata Load (0.7ms)[0m  [1m[34mSELECT * FROM "ar_internal_metadata" WHERE "ar_internal_metadata"."key" = $1 ORDER BY "ar_internal_metadata"."key" ASC LIMIT 1[0m  [[nil, "environment"]]
Migrating to CreateCompletedSets (20250712181330)
  [1m[36mTRANSACTION (0.1ms)[0m  [1m[35mBEGIN[0m
  [1m[35m (4.5ms)[0m  [1m[35mCREATE TABLE "completed_sets" ("id" bigserial primary key, "description" character varying, "team_id" bigint NOT NULL, "created_at" timestamp(6) NOT NULL, "updated_at" timestamp(6) NOT NULL, CONSTRAINT "fk_rails_0c46e894ca"
FOREIGN KEY ("team_id")
  REFERENCES "teams" ("id")
)[0m
  [1m[35m (1.7ms)[0m  [1m[35mCREATE INDEX "index_completed_sets_on_team_id" ON "completed_sets" ("team_id")[0m
  [1m[36mActiveRecord::SchemaMigration Create (0.2ms)[0m  [1m[32mINSERT INTO "schema_migrations" ("version") VALUES ('20250712181330') RETURNING "version"[0m
  [1m[36mTRANSACTION (0.7ms)[0m  [1m[35mCOMMIT[0m
Migrating to CreateItems (20250712181335)
  [1m[36mTRANSACTION (0.1ms)[0m  [1m[35mBEGIN[0m
  [1m[35m (4.0ms)[0m  [1m[35mCREATE TABLE "items" ("id" bigserial primary key, "name" character varying, "completed_set_id" bigint NOT NULL, "drops_id" bigint NOT NULL, "created_at" timestamp(6) NOT NULL, "updated_at" timestamp(6) NOT NULL, CONSTRAINT "fk_rails_1c8a11738e"
FOREIGN KEY ("completed_set_id")
  REFERENCES "completed_sets" ("id")
, CONSTRAINT "fk_rails_97b19de45d"
FOREIGN KEY ("drops_id")
  REFERENCES "drops" ("id")
)[0m
  [1m[36mTRANSACTION (0.1ms)[0m  [1m[31mROLLBACK[0m
  [1m[35m (0.1ms)[0m  [1m[34mSELECT pg_advisory_unlock(6385467671328706905)[0m
  [1m[35m (0.1ms)[0m  [1m[34mSELECT pg_try_advisory_lock(6385467671328706905)[0m
  [1m[36mActiveRecord::SchemaMigration Load (0.4ms)[0m  [1m[34mSELECT "schema_migrations"."version" FROM "schema_migrations" ORDER BY "schema_migrations"."version" ASC[0m
  [1m[36mActiveRecord::InternalMetadata Load (0.4ms)[0m  [1m[34mSELECT * FROM "ar_internal_metadata" WHERE "ar_internal_metadata"."key" = $1 ORDER BY "ar_internal_metadata"."key" ASC LIMIT 1[0m  [[nil, "environment"]]
Migrating to CreateDrops (20250712181332)
  [1m[36mTRANSACTION (0.1ms)[0m  [1m[35mBEGIN[0m
  [1m[35m (5.8ms)[0m  [1m[35mCREATE TABLE "drops" ("id" bigserial primary key, "name" character varying, "team_id" bigint NOT NULL, "item_id" bigint NOT NULL, "created_at" timestamp(6) NOT NULL, "updated_at" timestamp(6) NOT NULL, CONSTRAINT "fk_rails_07b5c90b5b"
FOREIGN KEY ("team_id")
  REFERENCES "teams" ("id")
, CONSTRAINT "fk_rails_f04cfc44e6"
FOREIGN KEY ("item_id")
  REFERENCES "items" ("id")
)[0m
  [1m[36mTRANSACTION (0.1ms)[0m  [1m[31mROLLBACK[0m
  [1m[35m (0.1ms)[0m  [1m[34mSELECT pg_advisory_unlock(6385467671328706905)[0m
  [1m[35m (0.1ms)[0m  [1m[34mSELECT pg_try_advisory_lock(6385467671328706905)[0m
  [1m[36mActiveRecord::SchemaMigration Load (0.3ms)[0m  [1m[34mSELECT "schema_migrations"."version" FROM "schema_migrations" ORDER BY "schema_migrations"."version" ASC[0m
  [1m[36mActiveRecord::InternalMetadata Load (0.4ms)[0m  [1m[34mSELECT * FROM "ar_internal_metadata" WHERE "ar_internal_metadata"."key" = $1 ORDER BY "ar_internal_metadata"."key" ASC LIMIT 1[0m  [[nil, "environment"]]
Migrating to CreateTeams (20250712182309)
  [1m[36mTRANSACTION (0.1ms)[0m  [1m[35mBEGIN[0m
  [1m[35m (0.7ms)[0m  [1m[35mCREATE TABLE "teams" ("id" bigserial primary key, "name" character varying, "created_at" timestamp(6) NOT NULL, "updated_at" timestamp(6) NOT NULL)[0m
  [1m[36mTRANSACTION (0.1ms)[0m  [1m[31mROLLBACK[0m
  [1m[35m (0.1ms)[0m  [1m[34mSELECT pg_advisory_unlock(6385467671328706905)[0m
  [1m[36mActiveRecord::SchemaMigration Load (0.3ms)[0m  [1m[34mSELECT "schema_migrations"."version" FROM "schema_migrations" ORDER BY "schema_migrations"."version" ASC[0m
  [1m[36mActiveRecord::InternalMetadata Load (0.3ms)[0m  [1m[34mSELECT * FROM "ar_internal_metadata" WHERE "ar_internal_metadata"."key" = $1 ORDER BY "ar_internal_metadata"."key" ASC LIMIT 1[0m  [[nil, "environment"]]
  [1m[36mActiveRecord::SchemaMigration Load (0.1ms)[0m  [1m[34mSELECT "schema_migrations"."version" FROM "schema_migrations" ORDER BY "schema_migrations"."version" ASC[0m
  [1m[36mActiveRecord::InternalMetadata Load (0.1ms)[0m  [1m[34mSELECT * FROM "ar_internal_metadata" WHERE "ar_internal_metadata"."key" = $1 ORDER BY "ar_internal_metadata"."key" ASC LIMIT 1[0m  [[nil, "environment"]]
  [1m[36mActiveRecord::SchemaMigration Load (0.1ms)[0m  [1m[34mSELECT "schema_migrations"."version" FROM "schema_migrations" ORDER BY "schema_migrations"."version" ASC[0m
  [1m[36mActiveRecord::InternalMetadata Load (0.1ms)[0m  [1m[34mSELECT * FROM "ar_internal_metadata" WHERE "ar_internal_metadata"."key" = $1 ORDER BY "ar_internal_metadata"."key" ASC LIMIT 1[0m  [[nil, "environment"]]
  [1m[35m (23.1ms)[0m  [1m[35mDROP DATABASE IF EXISTS "war_bot_development"[0m
  [1m[35m (16.3ms)[0m  [1m[35mDROP DATABASE IF EXISTS "war_bot_test"[0m
  [1m[35m (72.4ms)[0m  [1m[35mCREATE DATABASE "war_bot_development" ENCODING = 'unicode'[0m
  [1m[35m (61.5ms)[0m  [1m[35mCREATE DATABASE "war_bot_test" ENCODING = 'unicode'[0m
  [1m[35m (5.7ms)[0m  [1m[35mCREATE TABLE "schema_migrations" ("version" character varying NOT NULL PRIMARY KEY)[0m
  [1m[35m (3.5ms)[0m  [1m[35mCREATE TABLE "ar_internal_metadata" ("key" character varying NOT NULL PRIMARY KEY, "value" character varying, "created_at" timestamp(6) NOT NULL, "updated_at" timestamp(6) NOT NULL)[0m
  [1m[35m (0.1ms)[0m  [1m[34mSELECT pg_try_advisory_lock(6385467671328706905)[0m
  [1m[36mActiveRecord::SchemaMigration Load (0.2ms)[0m  [1m[34mSELECT "schema_migrations"."version" FROM "schema_migrations" ORDER BY "schema_migrations"."version" ASC[0m
  [1m[36mActiveRecord::InternalMetadata Load (0.3ms)[0m  [1m[34mSELECT * FROM "ar_internal_metadata" WHERE "ar_internal_metadata"."key" = $1 ORDER BY "ar_internal_metadata"."key" ASC LIMIT 1[0m  [[nil, "environment"]]
  [1m[36mActiveRecord::InternalMetadata Create (0.6ms)[0m  [1m[32mINSERT INTO "ar_internal_metadata" ("key", "value", "created_at", "updated_at") VALUES ('environment', 'development', '2025-07-12 18:23:36.529371', '2025-07-12 18:23:36.529373') RETURNING "key"[0m
Migrating to CreateTeams (20250712182309)
  [1m[36mTRANSACTION (0.1ms)[0m  [1m[35mBEGIN[0m
  [1m[35m (3.8ms)[0m  [1m[35mCREATE TABLE "teams" ("id" bigserial primary key, "name" character varying, "created_at" timestamp(6) NOT NULL, "updated_at" timestamp(6) NOT NULL)[0m
  [1m[36mActiveRecord::SchemaMigration Create (0.2ms)[0m  [1m[32mINSERT INTO "schema_migrations" ("version") VALUES ('20250712182309') RETURNING "version"[0m
  [1m[36mTRANSACTION (0.8ms)[0m  [1m[35mCOMMIT[0m
Migrating to CreateCompletedSets (20250712182310)
  [1m[36mTRANSACTION (0.1ms)[0m  [1m[35mBEGIN[0m
  [1m[35m (6.3ms)[0m  [1m[35mCREATE TABLE "completed_sets" ("id" bigserial primary key, "name" character varying, "team_id" bigint NOT NULL, "created_at" timestamp(6) NOT NULL, "updated_at" timestamp(6) NOT NULL, CONSTRAINT "fk_rails_0c46e894ca"
FOREIGN KEY ("team_id")
  REFERENCES "teams" ("id")
)[0m
  [1m[35m (1.8ms)[0m  [1m[35mCREATE INDEX "index_completed_sets_on_team_id" ON "completed_sets" ("team_id")[0m
  [1m[36mActiveRecord::SchemaMigration Create (0.2ms)[0m  [1m[32mINSERT INTO "schema_migrations" ("version") VALUES ('20250712182310') RETURNING "version"[0m
  [1m[36mTRANSACTION (0.8ms)[0m  [1m[35mCOMMIT[0m
Migrating to CreateItems (20250712182315)
  [1m[36mTRANSACTION (0.1ms)[0m  [1m[35mBEGIN[0m
  [1m[35m (4.4ms)[0m  [1m[35mCREATE TABLE "items" ("id" bigserial primary key, "name" character varying, "completed_set_id" bigint NOT NULL, "created_at" timestamp(6) NOT NULL, "updated_at" timestamp(6) NOT NULL, CONSTRAINT "fk_rails_1c8a11738e"
FOREIGN KEY ("completed_set_id")
  REFERENCES "completed_sets" ("id")
)[0m
  [1m[35m (1.2ms)[0m  [1m[35mCREATE INDEX "index_items_on_completed_set_id" ON "items" ("completed_set_id")[0m
  [1m[36mActiveRecord::SchemaMigration Create (0.2ms)[0m  [1m[32mINSERT INTO "schema_migrations" ("version") VALUES ('20250712182315') RETURNING "version"[0m
  [1m[36mTRANSACTION (0.7ms)[0m  [1m[35mCOMMIT[0m
Migrating to CreateDrops (20250712182316)
  [1m[36mTRANSACTION (0.1ms)[0m  [1m[35mBEGIN[0m
  [1m[35m (2.5ms)[0m  [1m[35mCREATE TABLE "drops" ("id" bigserial primary key, "team_id" bigint NOT NULL, "item_id" bigint NOT NULL, "created_at" timestamp(6) NOT NULL, "updated_at" timestamp(6) NOT NULL, CONSTRAINT "fk_rails_07b5c90b5b"
FOREIGN KEY ("team_id")
  REFERENCES "teams" ("id")
, CONSTRAINT "fk_rails_f04cfc44e6"
FOREIGN KEY ("item_id")
  REFERENCES "items" ("id")
)[0m
  [1m[35m (1.4ms)[0m  [1m[35mCREATE INDEX "index_drops_on_team_id" ON "drops" ("team_id")[0m
  [1m[35m (1.2ms)[0m  [1m[35mCREATE INDEX "index_drops_on_item_id" ON "drops" ("item_id")[0m
  [1m[36mActiveRecord::SchemaMigration Create (0.2ms)[0m  [1m[32mINSERT INTO "schema_migrations" ("version") VALUES ('20250712182316') RETURNING "version"[0m
  [1m[36mTRANSACTION (0.7ms)[0m  [1m[35mCOMMIT[0m
  [1m[35m (0.2ms)[0m  [1m[34mSELECT pg_advisory_unlock(6385467671328706905)[0m
  [1m[36mActiveRecord::SchemaMigration Load (0.1ms)[0m  [1m[34mSELECT "schema_migrations"."version" FROM "schema_migrations" ORDER BY "schema_migrations"."version" ASC[0m
  [1m[36mActiveRecord::SchemaMigration Load (0.3ms)[0m  [1m[34mSELECT "schema_migrations"."version" FROM "schema_migrations" ORDER BY "schema_migrations"."version" ASC[0m
  [1m[36mActiveRecord::InternalMetadata Load (0.3ms)[0m  [1m[34mSELECT * FROM "ar_internal_metadata" WHERE "ar_internal_metadata"."key" = $1 ORDER BY "ar_internal_metadata"."key" ASC LIMIT 1[0m  [[nil, "environment"]]
  [1m[36mActiveRecord::SchemaMigration Load (0.1ms)[0m  [1m[34mSELECT "schema_migrations"."version" FROM "schema_migrations" ORDER BY "schema_migrations"."version" ASC[0m
  [1m[36mActiveRecord::InternalMetadata Load (0.1ms)[0m  [1m[34mSELECT * FROM "ar_internal_metadata" WHERE "ar_internal_metadata"."key" = $1 ORDER BY "ar_internal_metadata"."key" ASC LIMIT 1[0m  [[nil, "environment"]]
  [1m[36mActiveRecord::SchemaMigration Load (0.1ms)[0m  [1m[34mSELECT "schema_migrations"."version" FROM "schema_migrations" ORDER BY "schema_migrations"."version" ASC[0m
  [1m[36mActiveRecord::InternalMetadata Load (0.1ms)[0m  [1m[34mSELECT * FROM "ar_internal_metadata" WHERE "ar_internal_metadata"."key" = $1 ORDER BY "ar_internal_metadata"."key" ASC LIMIT 1[0m  [[nil, "environment"]]
  [1m[35m (20.1ms)[0m  [1m[35mDROP DATABASE IF EXISTS "war_bot_development"[0m
  [1m[35m (16.4ms)[0m  [1m[35mDROP DATABASE IF EXISTS "war_bot_test"[0m
  [1m[35m (71.1ms)[0m  [1m[35mCREATE DATABASE "war_bot_development" ENCODING = 'unicode'[0m
  [1m[35m (61.8ms)[0m  [1m[35mCREATE DATABASE "war_bot_test" ENCODING = 'unicode'[0m
  [1m[35m (3.9ms)[0m  [1m[35mCREATE TABLE "schema_migrations" ("version" character varying NOT NULL PRIMARY KEY)[0m
  [1m[35m (3.0ms)[0m  [1m[35mCREATE TABLE "ar_internal_metadata" ("key" character varying NOT NULL PRIMARY KEY, "value" character varying, "created_at" timestamp(6) NOT NULL, "updated_at" timestamp(6) NOT NULL)[0m
  [1m[35m (0.1ms)[0m  [1m[34mSELECT pg_try_advisory_lock(6385467671328706905)[0m
  [1m[36mActiveRecord::SchemaMigration Load (0.2ms)[0m  [1m[34mSELECT "schema_migrations"."version" FROM "schema_migrations" ORDER BY "schema_migrations"."version" ASC[0m
  [1m[36mActiveRecord::InternalMetadata Load (0.3ms)[0m  [1m[34mSELECT * FROM "ar_internal_metadata" WHERE "ar_internal_metadata"."key" = $1 ORDER BY "ar_internal_metadata"."key" ASC LIMIT 1[0m  [[nil, "environment"]]
  [1m[36mActiveRecord::InternalMetadata Create (0.5ms)[0m  [1m[32mINSERT INTO "ar_internal_metadata" ("key", "value", "created_at", "updated_at") VALUES ('environment', 'development', '2025-07-12 18:30:56.476196', '2025-07-12 18:30:56.476198') RETURNING "key"[0m
Migrating to CreateTeams (20250712182309)
  [1m[36mTRANSACTION (0.1ms)[0m  [1m[35mBEGIN[0m
  [1m[35m (4.0ms)[0m  [1m[35mCREATE TABLE "teams" ("id" bigserial primary key, "name" character varying, "created_at" timestamp(6) NOT NULL, "updated_at" timestamp(6) NOT NULL)[0m
  [1m[36mActiveRecord::SchemaMigration Create (0.2ms)[0m  [1m[32mINSERT INTO "schema_migrations" ("version") VALUES ('20250712182309') RETURNING "version"[0m
  [1m[36mTRANSACTION (0.8ms)[0m  [1m[35mCOMMIT[0m
Migrating to CreateCompletedSets (20250712182310)
  [1m[36mTRANSACTION (0.1ms)[0m  [1m[35mBEGIN[0m
  [1m[35m (3.8ms)[0m  [1m[35mCREATE TABLE "completed_sets" ("id" bigserial primary key, "name" character varying, "team_id" bigint NOT NULL, "created_at" timestamp(6) NOT NULL, "updated_at" timestamp(6) NOT NULL, CONSTRAINT "fk_rails_0c46e894ca"
FOREIGN KEY ("team_id")
  REFERENCES "teams" ("id")
)[0m
  [1m[35m (1.6ms)[0m  [1m[35mCREATE INDEX "index_completed_sets_on_team_id" ON "completed_sets" ("team_id")[0m
  [1m[36mActiveRecord::SchemaMigration Create (0.2ms)[0m  [1m[32mINSERT INTO "schema_migrations" ("version") VALUES ('20250712182310') RETURNING "version"[0m
  [1m[36mTRANSACTION (0.7ms)[0m  [1m[35mCOMMIT[0m
Migrating to CreateItems (20250712182315)
  [1m[35m (0.2ms)[0m  [1m[34mSELECT pg_advisory_unlock(6385467671328706905)[0m
  [1m[36mActiveRecord::SchemaMigration Load (0.3ms)[0m  [1m[34mSELECT "schema_migrations"."version" FROM "schema_migrations" ORDER BY "schema_migrations"."version" ASC[0m
  [1m[36mActiveRecord::InternalMetadata Load (0.3ms)[0m  [1m[34mSELECT * FROM "ar_internal_metadata" WHERE "ar_internal_metadata"."key" = $1 ORDER BY "ar_internal_metadata"."key" ASC LIMIT 1[0m  [[nil, "environment"]]
  [1m[36mActiveRecord::SchemaMigration Load (0.1ms)[0m  [1m[34mSELECT "schema_migrations"."version" FROM "schema_migrations" ORDER BY "schema_migrations"."version" ASC[0m
  [1m[36mActiveRecord::InternalMetadata Load (0.2ms)[0m  [1m[34mSELECT * FROM "ar_internal_metadata" WHERE "ar_internal_metadata"."key" = $1 ORDER BY "ar_internal_metadata"."key" ASC LIMIT 1[0m  [[nil, "environment"]]
  [1m[36mActiveRecord::SchemaMigration Load (0.1ms)[0m  [1m[34mSELECT "schema_migrations"."version" FROM "schema_migrations" ORDER BY "schema_migrations"."version" ASC[0m
  [1m[36mActiveRecord::InternalMetadata Load (0.1ms)[0m  [1m[34mSELECT * FROM "ar_internal_metadata" WHERE "ar_internal_metadata"."key" = $1 ORDER BY "ar_internal_metadata"."key" ASC LIMIT 1[0m  [[nil, "environment"]]
  [1m[35m (20.5ms)[0m  [1m[35mDROP DATABASE IF EXISTS "war_bot_development"[0m
  [1m[35m (16.5ms)[0m  [1m[35mDROP DATABASE IF EXISTS "war_bot_test"[0m
  [1m[35m (66.6ms)[0m  [1m[35mCREATE DATABASE "war_bot_development" ENCODING = 'unicode'[0m
  [1m[35m (57.1ms)[0m  [1m[35mCREATE DATABASE "war_bot_test" ENCODING = 'unicode'[0m
  [1m[35m (5.5ms)[0m  [1m[35mCREATE TABLE "schema_migrations" ("version" character varying NOT NULL PRIMARY KEY)[0m
  [1m[35m (3.2ms)[0m  [1m[35mCREATE TABLE "ar_internal_metadata" ("key" character varying NOT NULL PRIMARY KEY, "value" character varying, "created_at" timestamp(6) NOT NULL, "updated_at" timestamp(6) NOT NULL)[0m
  [1m[35m (0.1ms)[0m  [1m[34mSELECT pg_try_advisory_lock(6385467671328706905)[0m
  [1m[36mActiveRecord::SchemaMigration Load (0.2ms)[0m  [1m[34mSELECT "schema_migrations"."version" FROM "schema_migrations" ORDER BY "schema_migrations"."version" ASC[0m
  [1m[36mActiveRecord::InternalMetadata Load (0.3ms)[0m  [1m[34mSELECT * FROM "ar_internal_metadata" WHERE "ar_internal_metadata"."key" = $1 ORDER BY "ar_internal_metadata"."key" ASC LIMIT 1[0m  [[nil, "environment"]]
  [1m[36mActiveRecord::InternalMetadata Create (0.5ms)[0m  [1m[32mINSERT INTO "ar_internal_metadata" ("key", "value", "created_at", "updated_at") VALUES ('environment', 'development', '2025-07-12 18:31:12.454355', '2025-07-12 18:31:12.454357') RETURNING "key"[0m
Migrating to CreateTeams (20250712182309)
  [1m[36mTRANSACTION (0.1ms)[0m  [1m[35mBEGIN[0m
  [1m[35m (3.6ms)[0m  [1m[35mCREATE TABLE "teams" ("id" bigserial primary key, "name" character varying, "created_at" timestamp(6) NOT NULL, "updated_at" timestamp(6) NOT NULL)[0m
  [1m[36mActiveRecord::SchemaMigration Create (0.2ms)[0m  [1m[32mINSERT INTO "schema_migrations" ("version") VALUES ('20250712182309') RETURNING "version"[0m
  [1m[36mTRANSACTION (0.8ms)[0m  [1m[35mCOMMIT[0m
Migrating to CreateCompletedSets (20250712182310)
  [1m[36mTRANSACTION (0.1ms)[0m  [1m[35mBEGIN[0m
  [1m[35m (3.6ms)[0m  [1m[35mCREATE TABLE "completed_sets" ("id" bigserial primary key, "name" character varying, "team_id" bigint NOT NULL, "created_at" timestamp(6) NOT NULL, "updated_at" timestamp(6) NOT NULL, CONSTRAINT "fk_rails_0c46e894ca"
FOREIGN KEY ("team_id")
  REFERENCES "teams" ("id")
)[0m
  [1m[35m (1.6ms)[0m  [1m[35mCREATE INDEX "index_completed_sets_on_team_id" ON "completed_sets" ("team_id")[0m
  [1m[36mActiveRecord::SchemaMigration Create (0.2ms)[0m  [1m[32mINSERT INTO "schema_migrations" ("version") VALUES ('20250712182310') RETURNING "version"[0m
  [1m[36mTRANSACTION (0.9ms)[0m  [1m[35mCOMMIT[0m
Migrating to CreateItems (20250712182315)
  [1m[36mTRANSACTION (0.1ms)[0m  [1m[35mBEGIN[0m
  [1m[35m (4.1ms)[0m  [1m[35mCREATE TABLE "items" ("id" bigserial primary key, "name" character varying, "category" character varying, "points" integer, "completed_set_id" bigint NOT NULL, "created_at" timestamp(6) NOT NULL, "updated_at" timestamp(6) NOT NULL, CONSTRAINT "fk_rails_1c8a11738e"
FOREIGN KEY ("completed_set_id")
  REFERENCES "completed_sets" ("id")
)[0m
  [1m[35m (1.5ms)[0m  [1m[35mCREATE INDEX "index_items_on_completed_set_id" ON "items" ("completed_set_id")[0m
  [1m[36mActiveRecord::SchemaMigration Create (0.2ms)[0m  [1m[32mINSERT INTO "schema_migrations" ("version") VALUES ('20250712182315') RETURNING "version"[0m
  [1m[36mTRANSACTION (0.6ms)[0m  [1m[35mCOMMIT[0m
Migrating to CreateDrops (20250712182316)
  [1m[36mTRANSACTION (0.1ms)[0m  [1m[35mBEGIN[0m
  [1m[35m (3.8ms)[0m  [1m[35mCREATE TABLE "drops" ("id" bigserial primary key, "team_id" bigint NOT NULL, "item_id" bigint NOT NULL, "img_url" character varying, "owner" character varying, "reviewed_by" character varying, "status" character varying, "created_at" timestamp(6) NOT NULL, "updated_at" timestamp(6) NOT NULL, CONSTRAINT "fk_rails_07b5c90b5b"
FOREIGN KEY ("team_id")
  REFERENCES "teams" ("id")
, CONSTRAINT "fk_rails_f04cfc44e6"
FOREIGN KEY ("item_id")
  REFERENCES "items" ("id")
)[0m
  [1m[35m (1.2ms)[0m  [1m[35mCREATE INDEX "index_drops_on_team_id" ON "drops" ("team_id")[0m
  [1m[35m (1.6ms)[0m  [1m[35mCREATE INDEX "index_drops_on_item_id" ON "drops" ("item_id")[0m
  [1m[36mActiveRecord::SchemaMigration Create (0.3ms)[0m  [1m[32mINSERT INTO "schema_migrations" ("version") VALUES ('20250712182316') RETURNING "version"[0m
  [1m[36mTRANSACTION (0.8ms)[0m  [1m[35mCOMMIT[0m
  [1m[35m (0.2ms)[0m  [1m[34mSELECT pg_advisory_unlock(6385467671328706905)[0m
  [1m[36mActiveRecord::SchemaMigration Load (0.2ms)[0m  [1m[34mSELECT "schema_migrations"."version" FROM "schema_migrations" ORDER BY "schema_migrations"."version" ASC[0m
[dotenv] Set [36mDISCORD_BOT_TOKEN[0m and [36mDISCORD_CLIENT_ID[0m
[dotenv] Loaded [33m.env[0m
[dotenv] Set [36mDISCORD_BOT_TOKEN[0m and [36mDISCORD_CLIENT_ID[0m
[dotenv] Loaded [33m.env[0m
[dotenv] Set [36mDISCORD_BOT_TOKEN[0m and [36mDISCORD_CLIENT_ID[0m
[dotenv] Loaded [33m.env[0m
[dotenv] Set [36mDISCORD_BOT_TOKEN[0m and [36mDISCORD_CLIENT_ID[0m
[dotenv] Loaded [33m.env[0m
[dotenv] Set [36mDISCORD_BOT_TOKEN[0m and [36mDISCORD_CLIENT_ID[0m
[dotenv] Loaded [33m.env[0m
[dotenv] Set [36mDISCORD_BOT_TOKEN[0m and [36mDISCORD_CLIENT_ID[0m
[dotenv] Loaded [33m.env[0m
[dotenv] Loaded [33m.env[0m
[dotenv] Set [36mDISCORD_BOT_TOKEN[0m and [36mDISCORD_CLIENT_ID[0m
[dotenv] Loaded [33m.env[0m
[dotenv] Loaded [33m.env[0m
[dotenv] Set [36mDISCORD_BOT_TOKEN[0m and [36mDISCORD_CLIENT_ID[0m
[dotenv] Loaded [33m.env[0m
[dotenv] Loaded [33m.env[0m
[dotenv] Set [36mDISCORD_BOT_TOKEN[0m and [36mDISCORD_CLIENT_ID[0m
[dotenv] Loaded [33m.env[0m
[dotenv] Set [36mDISCORD_BOT_TOKEN[0m and [36mDISCORD_CLIENT_ID[0m
[dotenv] Loaded [33m.env[0m
[dotenv] Set [36mDISCORD_BOT_TOKEN[0m and [36mDISCORD_CLIENT_ID[0m
[dotenv] Loaded [33m.env[0m
[dotenv] Loaded [33m.env[0m
[dotenv] Set [36mDISCORD_BOT_TOKEN[0m and [36mDISCORD_CLIENT_ID[0m
[dotenv] Loaded [33m.env[0m
[dotenv] Loaded [33m.env[0m
[dotenv] Set [36mDISCORD_BOT_TOKEN[0m and [36mDISCORD_CLIENT_ID[0m
[dotenv] Loaded [33m.env[0m
[dotenv] Loaded [33m.env[0m
[dotenv] Set [36mDISCORD_BOT_TOKEN[0m, [36mDISCORD_CLIENT_ID[0m, and [36mGUILD_ID[0m
[dotenv] Loaded [33m.env[0m
[dotenv] Loaded [33m.env[0m
[dotenv] Set [36mDISCORD_BOT_TOKEN[0m, [36mDISCORD_CLIENT_ID[0m, and [36mGUILD_ID[0m
[dotenv] Loaded [33m.env[0m
[dotenv] Loaded [33m.env[0m
[dotenv] Set [36mDISCORD_BOT_TOKEN[0m, [36mDISCORD_CLIENT_ID[0m, and [36mGUILD_ID[0m
[dotenv] Loaded [33m.env[0m
[dotenv] Loaded [33m.env[0m
[dotenv] Set [36mDISCORD_BOT_TOKEN[0m, [36mDISCORD_CLIENT_ID[0m, and [36mGUILD_ID[0m
[dotenv] Loaded [33m.env[0m
[dotenv] Loaded [33m.env[0m
[dotenv] Set [36mDISCORD_BOT_TOKEN[0m, [36mDISCORD_CLIENT_ID[0m, and [36mGUILD_ID[0m
[dotenv] Loaded [33m.env[0m
[dotenv] Loaded [33m.env[0m
[dotenv] Set [36mDISCORD_BOT_TOKEN[0m, [36mDISCORD_CLIENT_ID[0m, and [36mGUILD_ID[0m
[dotenv] Loaded [33m.env[0m
[dotenv] Loaded [33m.env[0m
[dotenv] Set [36mDISCORD_BOT_TOKEN[0m, [36mDISCORD_CLIENT_ID[0m, and [36mGUILD_ID[0m
[dotenv] Loaded [33m.env[0m
[dotenv] Loaded [33m.env[0m
[dotenv] Set [36mDISCORD_BOT_TOKEN[0m, [36mDISCORD_CLIENT_ID[0m, and [36mGUILD_ID[0m
[dotenv] Loaded [33m.env[0m
[dotenv] Loaded [33m.env[0m
[dotenv] Set [36mDISCORD_BOT_TOKEN[0m, [36mDISCORD_CLIENT_ID[0m, and [36mGUILD_ID[0m
[dotenv] Loaded [33m.env[0m
[dotenv] Loaded [33m.env[0m
[dotenv] Set [36mDISCORD_BOT_TOKEN[0m, [36mDISCORD_CLIENT_ID[0m, and [36mGUILD_ID[0m
[dotenv] Loaded [33m.env[0m
[dotenv] Loaded [33m.env[0m
[dotenv] Set [36mDISCORD_BOT_TOKEN[0m, [36mDISCORD_CLIENT_ID[0m, and [36mGUILD_ID[0m
[dotenv] Loaded [33m.env[0m
[dotenv] Loaded [33m.env[0m
[dotenv] Set [36mDISCORD_BOT_TOKEN[0m, [36mDISCORD_CLIENT_ID[0m, and [36mGUILD_ID[0m
[dotenv] Loaded [33m.env[0m
[dotenv] Loaded [33m.env[0m
[dotenv] Set [36mDISCORD_BOT_TOKEN[0m, [36mDISCORD_CLIENT_ID[0m, and [36mGUILD_ID[0m
[dotenv] Loaded [33m.env[0m
[dotenv] Loaded [33m.env[0m
[dotenv] Set [36mDISCORD_BOT_TOKEN[0m, [36mDISCORD_CLIENT_ID[0m, and [36mGUILD_ID[0m
[dotenv] Loaded [33m.env[0m
[dotenv] Loaded [33m.env[0m
[dotenv] Set [36mDISCORD_BOT_TOKEN[0m, [36mDISCORD_CLIENT_ID[0m, and [36mGUILD_ID[0m
[dotenv] Loaded [33m.env[0m
[dotenv] Loaded [33m.env[0m
[dotenv] Set [36mDISCORD_BOT_TOKEN[0m, [36mDISCORD_CLIENT_ID[0m, and [36mGUILD_ID[0m
[dotenv] Loaded [33m.env[0m
[dotenv] Loaded [33m.env[0m
[dotenv] Set [36mDISCORD_BOT_TOKEN[0m, [36mDISCORD_CLIENT_ID[0m, and [36mGUILD_ID[0m
[dotenv] Loaded [33m.env[0m
[dotenv] Loaded [33m.env[0m
[dotenv] Set [36mDISCORD_BOT_TOKEN[0m, [36mDISCORD_CLIENT_ID[0m, and [36mGUILD_ID[0m
[dotenv] Loaded [33m.env[0m
[dotenv] Loaded [33m.env[0m
[dotenv] Set [36mDISCORD_BOT_TOKEN[0m, [36mDISCORD_CLIENT_ID[0m, and [36mGUILD_ID[0m
[dotenv] Loaded [33m.env[0m
[dotenv] Set [36mDISCORD_BOT_TOKEN[0m, [36mDISCORD_CLIENT_ID[0m, and [36mGUILD_ID[0m
[dotenv] Loaded [33m.env[0m
[dotenv] Set [36mDISCORD_BOT_TOKEN[0m, [36mDISCORD_CLIENT_ID[0m, and [36mGUILD_ID[0m
[dotenv] Loaded [33m.env[0m
[dotenv] Set [36mDISCORD_BOT_TOKEN[0m, [36mDISCORD_CLIENT_ID[0m, and [36mGUILD_ID[0m
[dotenv] Loaded [33m.env[0m
[dotenv] Set [36mDISCORD_BOT_TOKEN[0m, [36mDISCORD_CLIENT_ID[0m, and [36mGUILD_ID[0m
[dotenv] Loaded [33m.env[0m
[dotenv] Loaded [33m.env[0m
[dotenv] Set [36mDISCORD_BOT_TOKEN[0m, [36mDISCORD_CLIENT_ID[0m, and [36mGUILD_ID[0m
[dotenv] Loaded [33m.env[0m
[dotenv] Loaded [33m.env[0m
[dotenv] Set [36mDISCORD_BOT_TOKEN[0m, [36mDISCORD_CLIENT_ID[0m, and [36mGUILD_ID[0m
[dotenv] Loaded [33m.env[0m
[dotenv] Loaded [33m.env[0m
[dotenv] Set [36mDISCORD_BOT_TOKEN[0m, [36mDISCORD_CLIENT_ID[0m, and [36mGUILD_ID[0m
[dotenv] Loaded [33m.env[0m
[dotenv] Loaded [33m.env[0m
[dotenv] Set [36mDISCORD_BOT_TOKEN[0m, [36mDISCORD_CLIENT_ID[0m, and [36mGUILD_ID[0m
[dotenv] Loaded [33m.env[0m
[dotenv] Loaded [33m.env[0m
[dotenv] Set [36mDISCORD_BOT_TOKEN[0m, [36mDISCORD_CLIENT_ID[0m, and [36mGUILD_ID[0m
[dotenv] Loaded [33m.env[0m
[dotenv] Loaded [33m.env[0m
[dotenv] Set [36mDISCORD_BOT_TOKEN[0m, [36mDISCORD_CLIENT_ID[0m, and [36mGUILD_ID[0m
[dotenv] Loaded [33m.env[0m
[dotenv] Loaded [33m.env[0m
[dotenv] Set [36mDISCORD_BOT_TOKEN[0m, [36mDISCORD_CLIENT_ID[0m, and [36mGUILD_ID[0m
[dotenv] Loaded [33m.env[0m
[dotenv] Loaded [33m.env[0m
[dotenv] Set [36mDISCORD_BOT_TOKEN[0m, [36mDISCORD_CLIENT_ID[0m, and [36mGUILD_ID[0m
[dotenv] Loaded [33m.env[0m
[dotenv] Loaded [33m.env[0m
[dotenv] Set [36mDISCORD_BOT_TOKEN[0m, [36mDISCORD_CLIENT_ID[0m, and [36mGUILD_ID[0m
[dotenv] Loaded [33m.env[0m
[dotenv] Loaded [33m.env[0m
[dotenv] Set [36mDISCORD_BOT_TOKEN[0m, [36mDISCORD_CLIENT_ID[0m, and [36mGUILD_ID[0m
[dotenv] Loaded [33m.env[0m
[dotenv] Loaded [33m.env[0m
[dotenv] Set [36mDISCORD_BOT_TOKEN[0m, [36mDISCORD_CLIENT_ID[0m, and [36mGUILD_ID[0m
[dotenv] Loaded [33m.env[0m
[dotenv] Set [36mDISCORD_BOT_TOKEN[0m, [36mDISCORD_CLIENT_ID[0m, and [36mGUILD_ID[0m
[dotenv] Loaded [33m.env[0m
[dotenv] Loaded [33m.env[0m
[dotenv] Set [36mDISCORD_BOT_TOKEN[0m, [36mDISCORD_CLIENT_ID[0m, and [36mGUILD_ID[0m
[dotenv] Loaded [33m.env[0m
[dotenv] Loaded [33m.env[0m
[dotenv] Set [36mDISCORD_BOT_TOKEN[0m, [36mDISCORD_CLIENT_ID[0m, and [36mGUILD_ID[0m
[dotenv] Loaded [33m.env[0m
[dotenv] Loaded [33m.env[0m
[dotenv] Set [36mDISCORD_BOT_TOKEN[0m, [36mDISCORD_CLIENT_ID[0m, and [36mGUILD_ID[0m
[dotenv] Loaded [33m.env[0m
[dotenv] Loaded [33m.env[0m
[dotenv] Set [36mDISCORD_BOT_TOKEN[0m, [36mDISCORD_CLIENT_ID[0m, and [36mGUILD_ID[0m
[dotenv] Loaded [33m.env[0m
[dotenv] Loaded [33m.env[0m
[dotenv] Set [36mDISCORD_BOT_TOKEN[0m, [36mDISCORD_CLIENT_ID[0m, and [36mGUILD_ID[0m
[dotenv] Loaded [33m.env[0m
[dotenv] Loaded [33m.env[0m
[dotenv] Set [36mDISCORD_BOT_TOKEN[0m, [36mDISCORD_CLIENT_ID[0m, and [36mGUILD_ID[0m
[dotenv] Loaded [33m.env[0m
[dotenv] Loaded [33m.env[0m
[dotenv] Set [36mDISCORD_BOT_TOKEN[0m, [36mDISCORD_CLIENT_ID[0m, and [36mGUILD_ID[0m
[dotenv] Loaded [33m.env[0m
[dotenv] Loaded [33m.env[0m
[dotenv] Set [36mDISCORD_BOT_TOKEN[0m, [36mDISCORD_CLIENT_ID[0m, and [36mGUILD_ID[0m
[dotenv] Loaded [33m.env[0m
[dotenv] Loaded [33m.env[0m
[dotenv] Set [36mDISCORD_BOT_TOKEN[0m, [36mDISCORD_CLIENT_ID[0m, and [36mGUILD_ID[0m
[dotenv] Loaded [33m.env[0m
[dotenv] Loaded [33m.env[0m
[dotenv] Set [36mDISCORD_BOT_TOKEN[0m, [36mDISCORD_CLIENT_ID[0m, and [36mGUILD_ID[0m
[dotenv] Loaded [33m.env[0m
[dotenv] Loaded [33m.env[0m
[dotenv] Set [36mDISCORD_BOT_TOKEN[0m, [36mDISCORD_CLIENT_ID[0m, and [36mGUILD_ID[0m
[dotenv] Loaded [33m.env[0m
[dotenv] Loaded [33m.env[0m
[dotenv] Set [36mDISCORD_BOT_TOKEN[0m, [36mDISCORD_CLIENT_ID[0m, and [36mGUILD_ID[0m
[dotenv] Loaded [33m.env[0m
[dotenv] Loaded [33m.env[0m
[dotenv] Set [36mDISCORD_BOT_TOKEN[0m, [36mDISCORD_CLIENT_ID[0m, and [36mGUILD_ID[0m
[dotenv] Loaded [33m.env[0m
[dotenv] Loaded [33m.env[0m
[dotenv] Set [36mDISCORD_BOT_TOKEN[0m, [36mDISCORD_CLIENT_ID[0m, and [36mGUILD_ID[0m
[dotenv] Loaded [33m.env[0m
[dotenv] Loaded [33m.env[0m
